2026-01-01 - 5k Steps
2026-01-01 - Calories
2026-01-01 - Clean
2026-01-01 - Limit Screen Time
2026-01-01 - Meditate
2026-01-01 - Stretch
2026-01-01 - Supplements
2026-01-02 - 5k Steps
2026-01-02 - Calories
2026-01-02 - Clean
2026-01-02 - Meditate
2026-01-02 - Supplements
2026-01-03 - 5k Steps
2026-01-03 - Calories
2026-01-03 - Clean
2026-01-03 - Exercise
2026-01-03 - Limit Screen Time
2026-01-03 - Meditate
2026-01-03 - Stretch
2026-01-03 - Supplements
2026-01-07 - 5k Steps
2026-01-07 - Calories
